<?xml version="1.0" encoding="UTF-8"?>
<!-- Generated by org.testng.reporters.JUnitXMLReporter -->
<testsuite ignored="3" hostname="LAPTOP-CFN001HV" failures="0" tests="5" name="Group_Created_Testing" time="44.999" errors="0" timestamp="2023-12-12T20:25:04 IST">
  <testcase classname="testCases.Test_Inventory_Page_2" name="test_verifyproductsLabel" time="0.073"/>
  <testcase classname="testCases.Test_Inventory_Page_2" name="test_verifyfacebookLogo" time="0.05"/>
  <testcase classname="testCases.Test_Shopping_Cart_3" name="test_verify_cart_Quantity_Label" time="0.069"/>
  <testcase classname="testCases.Test_LoginPage_1" name="loginIntoApplicationTest" time="0.847"/>
  <testcase classname="testCases.Test_LoginPage_1" name="verifyTitleofApplicationTest" time="0.021"/>
  <testcase classname="testCases.Test_Inventory_Page_2" name="test_verifytwitterLogo" time="0.0">
    <ignored/>
  </testcase> <!-- test_verifytwitterLogo -->
  <testcase classname="testCases.Test_Shopping_Cart_3" name="test_verify_Your_Cart_Label" time="0.0">
    <ignored/>
  </testcase> <!-- test_verify_Your_Cart_Label -->
  <testcase classname="testCases.Test_LoginPage_1" name="verifyURLOfApplicationTest" time="0.0">
    <ignored/>
  </testcase> <!-- verifyURLOfApplicationTest -->
</testsuite> <!-- Group_Created_Testing -->
