<?xml version="1.0" encoding="UTF-8"?>
<!-- Generated by org.testng.reporters.JUnitXMLReporter -->
<testsuite ignored="2" hostname="LAPTOP-CFN001HV" failures="0" tests="1" name="Default test" time="10.759" errors="0" timestamp="2023-12-13T16:58:26 IST">
  <testcase classname="testCases.Test_LoginPage_1" name="test_login_to_Application_generate_ExtentReport" time="0.562"/>
  <testcase classname="testCases.Test_LoginPage_1" name="verifyURLOfApplicationTest" time="0.0">
    <ignored/>
  </testcase> <!-- verifyURLOfApplicationTest -->
  <testcase classname="testCases.Test_LoginPage_1" name="verifyTitleofApplicationTest" time="0.0">
    <ignored/>
  </testcase> <!-- verifyTitleofApplicationTest -->
</testsuite> <!-- Default test -->
