<?xml version="1.0" encoding="UTF-8"?>
<!-- Generated by org.testng.reporters.JUnitXMLReporter -->
<testsuite ignored="3" hostname="LAPTOP-CFN001HV" failures="1" tests="1" name="Default test(failed)(failed)" time="9.561" errors="0" timestamp="2023-12-06T20:04:51 IST">
  <testcase classname="testCases.Test_LoginPage" name="screenshot_Error_loginIntoApplicationTest" time="1.299">
    <failure type="java.lang.NullPointerException" message="Cannot invoke &amp;quot;org.apache.poi.ss.usermodel.Cell.getStringCellValue()&amp;quot; because the return value of &amp;quot;org.apache.poi.ss.usermodel.Row.getCell(int)&amp;quot; is null">
      <![CDATA[java.lang.NullPointerException: Cannot invoke "org.apache.poi.ss.usermodel.Cell.getStringCellValue()" because the return value of "org.apache.poi.ss.usermodel.Row.getCell(int)" is null
at utility.ReadData_from_TestData.readSwagLabsDataExcel(ReadData_from_TestData.java:37)
at testCases.Test_LoginPage.screenshot_Error_loginIntoApplicationTest(Test_LoginPage.java:107)
at java.base/java.util.ArrayList.forEach(ArrayList.java:1511)
... Removed 27 stack frames]]>
    </failure>
  </testcase> <!-- screenshot_Error_loginIntoApplicationTest -->
  <testcase classname="testCases.Test_LoginPage" name="loginIntoApplicationTest" time="0.0">
    <ignored/>
  </testcase> <!-- loginIntoApplicationTest -->
  <testcase classname="testCases.Test_LoginPage" name="verifyTitleofApplicationTest" time="0.0">
    <ignored/>
  </testcase> <!-- verifyTitleofApplicationTest -->
  <testcase classname="testCases.Test_LoginPage" name="verifyURLOfApplicationTest" time="0.0">
    <ignored/>
  </testcase> <!-- verifyURLOfApplicationTest -->
</testsuite> <!-- Default test(failed)(failed) -->
