<?xml version="1.0" encoding="UTF-8"?>
<!-- Generated by org.testng.reporters.JUnitXMLReporter -->
<testsuite ignored="3" hostname="LAPTOP-CFN001HV" failures="0" tests="1" name="Default test(failed)(failed)(failed)(failed)" time="12.693" errors="0" timestamp="2023-12-06T20:09:48 IST">
  <testcase classname="testCases.Test_LoginPage" name="screenshot_Error_loginIntoApplicationTest" time="1.922"/>
  <testcase classname="testCases.Test_LoginPage" name="loginIntoApplicationTest" time="0.0">
    <ignored/>
  </testcase> <!-- loginIntoApplicationTest -->
  <testcase classname="testCases.Test_LoginPage" name="verifyTitleofApplicationTest" time="0.0">
    <ignored/>
  </testcase> <!-- verifyTitleofApplicationTest -->
  <testcase classname="testCases.Test_LoginPage" name="verifyURLOfApplicationTest" time="0.0">
    <ignored/>
  </testcase> <!-- verifyURLOfApplicationTest -->
</testsuite> <!-- Default test(failed)(failed)(failed)(failed) -->
