<?xml version="1.0" encoding="UTF-8"?>
<testng-results ignored="2" total="3" passed="1" failed="0" skipped="0">
  <reporter-output>
  </reporter-output>
  <suite started-at="2023-12-13T16:58:15 IST" name="Default suite" finished-at="2023-12-13T16:58:26 IST" duration-ms="10759">
    <groups>
    </groups>
    <test started-at="2023-12-13T16:58:15 IST" name="Default test" finished-at="2023-12-13T16:58:26 IST" duration-ms="10759">
      <class name="testCases.Test_LoginPage_1">
        <test-method is-config="true" signature="setup()[pri:0, instance:testCases.Test_LoginPage_1@6b58b9e9]" started-at="2023-12-13T16:58:15 IST" name="setup" finished-at="2023-12-13T16:58:22 IST" duration-ms="7251" status="PASS">
          <reporter-output>
          </reporter-output>
        </test-method> <!-- setup -->
        <test-method signature="test_login_to_Application_generate_ExtentReport()[pri:0, instance:testCases.Test_LoginPage_1@6b58b9e9]" started-at="2023-12-13T16:58:22 IST" name="test_login_to_Application_generate_ExtentReport" finished-at="2023-12-13T16:58:23 IST" duration-ms="562" status="PASS">
          <reporter-output>
          </reporter-output>
        </test-method> <!-- test_login_to_Application_generate_ExtentReport -->
        <test-method is-config="true" signature="closeBrowser(org.testng.ITestResult)[pri:0, instance:testCases.Test_LoginPage_1@6b58b9e9]" started-at="2023-12-13T16:58:23 IST" name="closeBrowser" finished-at="2023-12-13T16:58:26 IST" duration-ms="2835" status="PASS">
          <params>
            <param index="0">
              <value>
                <![CDATA[[TestResult name=test_login_to_Application_generate_ExtentReport status=SUCCESS method=Test_LoginPage_1.test_login_to_Application_generate_ExtentReport()[pri:0, instance:testCases.Test_LoginPage_1@6b58b9e9] output={null}]]]>
              </value>
            </param>
          </params>
          <reporter-output>
          </reporter-output>
        </test-method> <!-- closeBrowser -->
      </class> <!-- testCases.Test_LoginPage_1 -->
    </test> <!-- Default test -->
  </suite> <!-- Default suite -->
</testng-results>
